<?xml version="1.0" encoding="utf-8"?><testsuites name="pytest tests"><testsuite name="pytest" errors="0" failures="0" skipped="0" tests="9" time="2.341" timestamp="2026-09-20T07:19:42.461117+00:00" hostname="agent-env-2d4fbf0c-b407-4d32-a525-b094cc72b17d"><testcase classname="tests.test_admin_iter4" name="test_new_admin_login_ok" time="0.541" /><testcase classname="tests.test_admin_iter4" name="test_old_admin_login_denied" time="0.119" /><testcase classname="tests.test_admin_iter4" name="test_stats_detaille_shape" time="0.120" /><testcase classname="tests.test_admin_iter4" name="test_stats_detaille_requires_admin" time="0.466" /><testcase classname="tests.test_admin_iter4" name="test_stats_detaille_requires_auth" time="0.122" /><testcase classname="tests.test_admin_iter4" name="test_user_detail_shape" time="0.126" /><testcase classname="tests.test_admin_iter4" name="test_user_detail_requires_admin" time="0.115" /><testcase classname="tests.test_admin_iter4" name="test_user_detail_anon" time="0.153" /><testcase classname="tests.test_admin_iter4" name="test_admin_nom_updated" time="0.116" /></testsuite></testsuites>