<?xml version="1.0" encoding="utf-8"?><testsuites name="pytest tests"><testsuite name="pytest" errors="0" failures="1" skipped="0" tests="7" time="2.562" timestamp="2026-09-20T07:09:25.311545+00:00" hostname="agent-env-2d4fbf0c-b407-4d32-a525-b094cc72b17d"><testcase classname="tests.test_iter3_features.TestDataCleanup" name="test_pays_drapeaux_empty" time="0.454"><failure message="AttributeError: 'str' object has no attribute 'get'">backend/tests/test_iter3_features.py:59: in test_pays_drapeaux_empty
    assert p.get("drapeau", "") == "", f"Pays {p['code']} has drapeau={p.get('drapeau')!r}"
           ^^^^^
E   AttributeError: 'str' object has no attribute 'get'</failure></testcase><testcase classname="tests.test_iter3_features.TestDocumentExpiration" name="test_upload_with_date_expiration" time="0.687" /><testcase classname="tests.test_iter3_features.TestDataCleanup" name="test_forum_categories_no_emoji" time="0.116" /><testcase classname="tests.test_iter3_features.TestDataCleanup" name="test_simulations_pays_drapeaux_empty" time="0.113" /><testcase classname="tests.test_iter3_features.TestDocumentExpiration" name="test_rappels_endpoint" time="0.485" /><testcase classname="tests.test_iter3_features.TestAuditTout" name="test_auditer_tout_returns_full_report" time="0.631" /><testcase classname="tests.test_iter3_features.TestAuditTout" name="test_auditer_tout_unknown_sim" time="0.128" /></testsuite></testsuites>