<?xml version="1.0" encoding="utf-8"?><testsuites name="pytest tests"><testsuite name="pytest" errors="0" failures="0" skipped="0" tests="6" time="7.752" timestamp="2026-09-20T06:51:09.456082+00:00" hostname="agent-env-2d4fbf0c-b407-4d32-a525-b094cc72b17d"><testcase classname="tests.test_new_features.TestAntiArnaque" name="test_arnaque_high_amount" time="0.451" /><testcase classname="tests.test_new_features.TestAntiArnaque" name="test_safe_or_suspect_realistic" time="0.117" /><testcase classname="tests.test_new_features.TestAIAnalyzer" name="test_analyse_image" time="6.755" /><testcase classname="tests.test_new_features.TestAntiArnaque" name="test_invalid_pays_motif" time="0.119" /><testcase classname="tests.test_new_features.TestAIAnalyzer" name="test_analyse_pdf_non_supporte" time="0.315" /><testcase classname="tests.test_new_features.TestDossierChecklist" name="test_checklist_7_items" time="0.234" /></testsuite></testsuites>